2025-10-30 00:49:29,494 [INFO] extractor.entities: Found 28353 HTML files to process
2025-10-30 00:49:33,275 [INFO] extractor.entities: Progress: 100/28353 files processed, 22482 entities extracted
2025-10-30 00:49:37,514 [INFO] extractor.entities: Progress: 200/28353 files processed, 48949 entities extracted
2025-10-30 00:49:41,481 [INFO] extractor.entities: Progress: 300/28353 files processed, 73576 entities extracted
2025-10-30 00:49:45,493 [INFO] extractor.entities: Progress: 400/28353 files processed, 101606 entities extracted
2025-10-30 00:49:49,556 [INFO] extractor.entities: Progress: 500/28353 files processed, 125216 entities extracted
2025-10-30 00:49:53,248 [INFO] extractor.entities: Progress: 600/28353 files processed, 152099 entities extracted
2025-10-30 00:49:57,688 [INFO] extractor.entities: Progress: 700/28353 files processed, 189621 entities extracted
2025-10-30 00:50:01,354 [INFO] extractor.entities: Progress: 800/28353 files processed, 212164 entities extracted
2025-10-30 00:50:05,226 [INFO] extractor.entities: Progress: 900/28353 files processed, 236159 entities extracted
2025-10-30 00:50:08,862 [INFO] extractor.entities: Progress: 1000/28353 files processed, 257065 entities extracted
2025-10-30 00:50:12,709 [INFO] extractor.entities: Progress: 1100/28353 files processed, 279496 entities extracted
2025-10-30 00:50:16,637 [INFO] extractor.entities: Progress: 1200/28353 files processed, 309427 entities extracted
2025-10-30 00:50:20,873 [INFO] extractor.entities: Progress: 1300/28353 files processed, 333161 entities extracted
2025-10-30 00:50:25,255 [INFO] extractor.entities: Progress: 1400/28353 files processed, 360138 entities extracted
2025-10-30 00:50:29,855 [INFO] extractor.entities: Progress: 1500/28353 files processed, 385442 entities extracted
2025-10-30 00:50:33,925 [INFO] extractor.entities: Progress: 1600/28353 files processed, 409245 entities extracted
2025-10-30 00:50:38,070 [INFO] extractor.entities: Progress: 1700/28353 files processed, 432650 entities extracted
2025-10-30 00:50:42,124 [INFO] extractor.entities: Progress: 1800/28353 files processed, 455914 entities extracted
2025-10-30 00:50:46,079 [INFO] extractor.entities: Progress: 1900/28353 files processed, 478893 entities extracted
2025-10-30 00:50:50,027 [INFO] extractor.entities: Progress: 2000/28353 files processed, 503190 entities extracted
2025-10-30 00:50:54,476 [INFO] extractor.entities: Progress: 2100/28353 files processed, 533069 entities extracted
2025-10-30 00:50:58,420 [INFO] extractor.entities: Progress: 2200/28353 files processed, 555227 entities extracted
2025-10-30 00:51:02,669 [INFO] extractor.entities: Progress: 2300/28353 files processed, 579461 entities extracted
2025-10-30 00:51:06,572 [INFO] extractor.entities: Progress: 2400/28353 files processed, 602472 entities extracted
2025-10-30 00:51:10,193 [INFO] extractor.entities: Progress: 2500/28353 files processed, 625311 entities extracted
2025-10-30 00:51:13,950 [INFO] extractor.entities: Progress: 2600/28353 files processed, 648495 entities extracted
2025-10-30 00:51:18,150 [INFO] extractor.entities: Progress: 2700/28353 files processed, 674106 entities extracted
2025-10-30 00:51:22,302 [INFO] extractor.entities: Progress: 2800/28353 files processed, 697079 entities extracted
2025-10-30 00:51:26,282 [INFO] extractor.entities: Progress: 2900/28353 files processed, 721168 entities extracted
2025-10-30 00:51:30,346 [INFO] extractor.entities: Progress: 3000/28353 files processed, 744912 entities extracted
2025-10-30 00:51:34,402 [INFO] extractor.entities: Progress: 3100/28353 files processed, 771571 entities extracted
2025-10-30 00:51:38,368 [INFO] extractor.entities: Progress: 3200/28353 files processed, 794563 entities extracted
2025-10-30 00:51:42,274 [INFO] extractor.entities: Progress: 3300/28353 files processed, 817290 entities extracted
2025-10-30 00:51:46,309 [INFO] extractor.entities: Progress: 3400/28353 files processed, 842089 entities extracted
2025-10-30 00:51:50,136 [INFO] extractor.entities: Progress: 3500/28353 files processed, 865284 entities extracted
2025-10-30 00:51:53,838 [INFO] extractor.entities: Progress: 3600/28353 files processed, 887547 entities extracted
2025-10-30 00:51:57,505 [INFO] extractor.entities: Progress: 3700/28353 files processed, 909218 entities extracted
2025-10-30 00:52:01,227 [INFO] extractor.entities: Progress: 3800/28353 files processed, 932152 entities extracted
2025-10-30 00:52:05,194 [INFO] extractor.entities: Progress: 3900/28353 files processed, 954520 entities extracted
2025-10-30 00:52:09,293 [INFO] extractor.entities: Progress: 4000/28353 files processed, 978926 entities extracted
2025-10-30 00:52:13,342 [INFO] extractor.entities: Progress: 4100/28353 files processed, 1002010 entities extracted
2025-10-30 00:52:17,319 [INFO] extractor.entities: Progress: 4200/28353 files processed, 1025676 entities extracted
2025-10-30 00:52:21,339 [INFO] extractor.entities: Progress: 4300/28353 files processed, 1049903 entities extracted
2025-10-30 00:52:25,206 [INFO] extractor.entities: Progress: 4400/28353 files processed, 1073415 entities extracted
2025-10-30 00:52:29,070 [INFO] extractor.entities: Progress: 4500/28353 files processed, 1097078 entities extracted
2025-10-30 00:52:33,151 [INFO] extractor.entities: Progress: 4600/28353 files processed, 1120777 entities extracted
2025-10-30 00:52:36,904 [INFO] extractor.entities: Progress: 4700/28353 files processed, 1143482 entities extracted
2025-10-30 00:52:40,672 [INFO] extractor.entities: Progress: 4800/28353 files processed, 1167088 entities extracted
2025-10-30 00:52:44,734 [INFO] extractor.entities: Progress: 4900/28353 files processed, 1190416 entities extracted
2025-10-30 00:52:48,940 [INFO] extractor.entities: Progress: 5000/28353 files processed, 1215718 entities extracted
2025-10-30 00:52:53,080 [INFO] extractor.entities: Progress: 5100/28353 files processed, 1243511 entities extracted
2025-10-30 00:52:56,925 [INFO] extractor.entities: Progress: 5200/28353 files processed, 1271254 entities extracted
2025-10-30 00:53:00,971 [INFO] extractor.entities: Progress: 5300/28353 files processed, 1296164 entities extracted
2025-10-30 00:53:05,720 [INFO] extractor.entities: Progress: 5400/28353 files processed, 1325853 entities extracted
2025-10-30 00:53:09,913 [INFO] extractor.entities: Progress: 5500/28353 files processed, 1349693 entities extracted
2025-10-30 00:53:13,757 [INFO] extractor.entities: Progress: 5600/28353 files processed, 1372359 entities extracted
2025-10-30 00:53:17,842 [INFO] extractor.entities: Progress: 5700/28353 files processed, 1395481 entities extracted
2025-10-30 00:53:22,000 [INFO] extractor.entities: Progress: 5800/28353 files processed, 1421138 entities extracted
2025-10-30 00:53:26,432 [INFO] extractor.entities: Progress: 5900/28353 files processed, 1449558 entities extracted
2025-10-30 00:53:30,498 [INFO] extractor.entities: Progress: 6000/28353 files processed, 1473592 entities extracted
2025-10-30 00:53:34,551 [INFO] extractor.entities: Progress: 6100/28353 files processed, 1496412 entities extracted
2025-10-30 00:53:38,369 [INFO] extractor.entities: Progress: 6200/28353 files processed, 1519411 entities extracted
2025-10-30 00:53:42,382 [INFO] extractor.entities: Progress: 6300/28353 files processed, 1542203 entities extracted
2025-10-30 00:53:46,320 [INFO] extractor.entities: Progress: 6400/28353 files processed, 1564869 entities extracted
2025-10-30 00:53:50,824 [INFO] extractor.entities: Progress: 6500/28353 files processed, 1601033 entities extracted
2025-10-30 00:53:55,035 [INFO] extractor.entities: Progress: 6600/28353 files processed, 1626019 entities extracted
2025-10-30 00:53:58,710 [INFO] extractor.entities: Progress: 6700/28353 files processed, 1648442 entities extracted
2025-10-30 00:54:02,939 [INFO] extractor.entities: Progress: 6800/28353 files processed, 1679821 entities extracted
2025-10-30 00:54:07,368 [INFO] extractor.entities: Progress: 6900/28353 files processed, 1706585 entities extracted
2025-10-30 00:54:11,331 [INFO] extractor.entities: Progress: 7000/28353 files processed, 1731033 entities extracted
2025-10-30 00:54:15,321 [INFO] extractor.entities: Progress: 7100/28353 files processed, 1755177 entities extracted
2025-10-30 00:54:19,120 [INFO] extractor.entities: Progress: 7200/28353 files processed, 1777020 entities extracted
2025-10-30 00:54:23,236 [INFO] extractor.entities: Progress: 7300/28353 files processed, 1799982 entities extracted
2025-10-30 00:54:27,439 [INFO] extractor.entities: Progress: 7400/28353 files processed, 1826251 entities extracted
2025-10-30 00:54:31,573 [INFO] extractor.entities: Progress: 7500/28353 files processed, 1850352 entities extracted
2025-10-30 00:54:35,624 [INFO] extractor.entities: Progress: 7600/28353 files processed, 1878344 entities extracted
2025-10-30 00:54:39,731 [INFO] extractor.entities: Progress: 7700/28353 files processed, 1901894 entities extracted
2025-10-30 00:54:43,921 [INFO] extractor.entities: Progress: 7800/28353 files processed, 1924057 entities extracted
2025-10-30 00:54:48,481 [INFO] extractor.entities: Progress: 7900/28353 files processed, 1953912 entities extracted
2025-10-30 00:54:52,426 [INFO] extractor.entities: Progress: 8000/28353 files processed, 1977527 entities extracted
2025-10-30 00:54:56,581 [INFO] extractor.entities: Progress: 8100/28353 files processed, 2001478 entities extracted
2025-10-30 00:55:00,477 [INFO] extractor.entities: Progress: 8200/28353 files processed, 2024410 entities extracted
2025-10-30 00:55:05,287 [INFO] extractor.entities: Progress: 8300/28353 files processed, 2047856 entities extracted
2025-10-30 00:55:09,169 [INFO] extractor.entities: Progress: 8400/28353 files processed, 2070436 entities extracted
2025-10-30 00:55:13,136 [INFO] extractor.entities: Progress: 8500/28353 files processed, 2094675 entities extracted
2025-10-30 00:55:17,057 [INFO] extractor.entities: Progress: 8600/28353 files processed, 2117537 entities extracted
2025-10-30 00:55:20,932 [INFO] extractor.entities: Progress: 8700/28353 files processed, 2140488 entities extracted
2025-10-30 00:55:24,786 [INFO] extractor.entities: Progress: 8800/28353 files processed, 2164028 entities extracted
2025-10-30 00:55:28,933 [INFO] extractor.entities: Progress: 8900/28353 files processed, 2189665 entities extracted
2025-10-30 00:55:32,644 [INFO] extractor.entities: Progress: 9000/28353 files processed, 2211396 entities extracted
2025-10-30 00:55:36,746 [INFO] extractor.entities: Progress: 9100/28353 files processed, 2233307 entities extracted
2025-10-30 00:55:40,626 [INFO] extractor.entities: Progress: 9200/28353 files processed, 2256749 entities extracted
2025-10-30 00:55:44,702 [INFO] extractor.entities: Progress: 9300/28353 files processed, 2281191 entities extracted
2025-10-30 00:55:48,246 [INFO] extractor.entities: Progress: 9400/28353 files processed, 2302238 entities extracted
2025-10-30 00:55:52,254 [INFO] extractor.entities: Progress: 9500/28353 files processed, 2325287 entities extracted
2025-10-30 00:55:56,777 [INFO] extractor.entities: Progress: 9600/28353 files processed, 2353422 entities extracted
2025-10-30 00:56:00,968 [INFO] extractor.entities: Progress: 9700/28353 files processed, 2378452 entities extracted
2025-10-30 00:56:04,824 [INFO] extractor.entities: Progress: 9800/28353 files processed, 2400934 entities extracted
2025-10-30 00:56:08,591 [INFO] extractor.entities: Progress: 9900/28353 files processed, 2422383 entities extracted
2025-10-30 00:56:12,861 [INFO] extractor.entities: Progress: 10000/28353 files processed, 2451369 entities extracted
2025-10-30 00:56:16,790 [INFO] extractor.entities: Progress: 10100/28353 files processed, 2475524 entities extracted
2025-10-30 00:56:21,075 [INFO] extractor.entities: Progress: 10200/28353 files processed, 2500736 entities extracted
2025-10-30 00:56:25,142 [INFO] extractor.entities: Progress: 10300/28353 files processed, 2524564 entities extracted
2025-10-30 00:56:29,416 [INFO] extractor.entities: Progress: 10400/28353 files processed, 2551344 entities extracted
2025-10-30 00:56:33,574 [INFO] extractor.entities: Progress: 10500/28353 files processed, 2577892 entities extracted
2025-10-30 00:56:37,367 [INFO] extractor.entities: Progress: 10600/28353 files processed, 2601990 entities extracted
2025-10-30 00:56:41,329 [INFO] extractor.entities: Progress: 10700/28353 files processed, 2628325 entities extracted
2025-10-30 00:56:45,369 [INFO] extractor.entities: Progress: 10800/28353 files processed, 2655466 entities extracted
2025-10-30 00:56:49,260 [INFO] extractor.entities: Progress: 10900/28353 files processed, 2677613 entities extracted
2025-10-30 00:56:53,245 [INFO] extractor.entities: Progress: 11000/28353 files processed, 2701248 entities extracted
2025-10-30 00:56:57,543 [INFO] extractor.entities: Progress: 11100/28353 files processed, 2729236 entities extracted
2025-10-30 00:57:01,598 [INFO] extractor.entities: Progress: 11200/28353 files processed, 2752843 entities extracted
2025-10-30 00:57:05,536 [INFO] extractor.entities: Progress: 11300/28353 files processed, 2776666 entities extracted
2025-10-30 00:57:09,605 [INFO] extractor.entities: Progress: 11400/28353 files processed, 2800523 entities extracted
2025-10-30 00:57:13,677 [INFO] extractor.entities: Progress: 11500/28353 files processed, 2824893 entities extracted
2025-10-30 00:57:17,628 [INFO] extractor.entities: Progress: 11600/28353 files processed, 2847491 entities extracted
2025-10-30 00:57:21,570 [INFO] extractor.entities: Progress: 11700/28353 files processed, 2871686 entities extracted
2025-10-30 00:57:25,521 [INFO] extractor.entities: Progress: 11800/28353 files processed, 2896666 entities extracted
2025-10-30 00:57:29,218 [INFO] extractor.entities: Progress: 11900/28353 files processed, 2923403 entities extracted
2025-10-30 00:57:33,383 [INFO] extractor.entities: Progress: 12000/28353 files processed, 2945997 entities extracted
2025-10-30 00:57:37,475 [INFO] extractor.entities: Progress: 12100/28353 files processed, 2968641 entities extracted
2025-10-30 00:57:41,615 [INFO] extractor.entities: Progress: 12200/28353 files processed, 2993511 entities extracted
2025-10-30 00:57:45,562 [INFO] extractor.entities: Progress: 12300/28353 files processed, 3016351 entities extracted
2025-10-30 00:57:49,743 [INFO] extractor.entities: Progress: 12400/28353 files processed, 3040758 entities extracted
2025-10-30 00:57:53,782 [INFO] extractor.entities: Progress: 12500/28353 files processed, 3065812 entities extracted
2025-10-30 00:57:57,810 [INFO] extractor.entities: Progress: 12600/28353 files processed, 3089517 entities extracted
2025-10-30 00:58:02,052 [INFO] extractor.entities: Progress: 12700/28353 files processed, 3112663 entities extracted
2025-10-30 00:58:06,312 [INFO] extractor.entities: Progress: 12800/28353 files processed, 3136906 entities extracted
2025-10-30 00:58:10,308 [INFO] extractor.entities: Progress: 12900/28353 files processed, 3163869 entities extracted
2025-10-30 00:58:14,229 [INFO] extractor.entities: Progress: 13000/28353 files processed, 3186557 entities extracted
2025-10-30 00:58:18,005 [INFO] extractor.entities: Progress: 13100/28353 files processed, 3208286 entities extracted
2025-10-30 00:58:21,829 [INFO] extractor.entities: Progress: 13200/28353 files processed, 3231523 entities extracted
2025-10-30 00:58:25,719 [INFO] extractor.entities: Progress: 13300/28353 files processed, 3254534 entities extracted
2025-10-30 00:58:29,597 [INFO] extractor.entities: Progress: 13400/28353 files processed, 3276902 entities extracted
2025-10-30 00:58:33,544 [INFO] extractor.entities: Progress: 13500/28353 files processed, 3300474 entities extracted
2025-10-30 00:58:37,436 [INFO] extractor.entities: Progress: 13600/28353 files processed, 3325725 entities extracted
2025-10-30 00:58:41,510 [INFO] extractor.entities: Progress: 13700/28353 files processed, 3350731 entities extracted
2025-10-30 00:58:45,692 [INFO] extractor.entities: Progress: 13800/28353 files processed, 3375534 entities extracted
2025-10-30 00:58:50,228 [INFO] extractor.entities: Progress: 13900/28353 files processed, 3405186 entities extracted
2025-10-30 00:58:54,796 [INFO] extractor.entities: Progress: 14000/28353 files processed, 3428066 entities extracted
2025-10-30 00:58:58,452 [INFO] extractor.entities: Progress: 14100/28353 files processed, 3449604 entities extracted
2025-10-30 00:59:02,280 [INFO] extractor.entities: Progress: 14200/28353 files processed, 3473469 entities extracted
2025-10-30 00:59:06,232 [INFO] extractor.entities: Progress: 14300/28353 files processed, 3499550 entities extracted
2025-10-30 00:59:10,184 [INFO] extractor.entities: Progress: 14400/28353 files processed, 3521994 entities extracted
2025-10-30 00:59:14,386 [INFO] extractor.entities: Progress: 14500/28353 files processed, 3546109 entities extracted
2025-10-30 00:59:18,478 [INFO] extractor.entities: Progress: 14600/28353 files processed, 3573816 entities extracted
2025-10-30 00:59:22,231 [INFO] extractor.entities: Progress: 14700/28353 files processed, 3596894 entities extracted
2025-10-30 00:59:26,360 [INFO] extractor.entities: Progress: 14800/28353 files processed, 3620509 entities extracted
2025-10-30 00:59:30,312 [INFO] extractor.entities: Progress: 14900/28353 files processed, 3643450 entities extracted
2025-10-30 00:59:33,983 [INFO] extractor.entities: Progress: 15000/28353 files processed, 3666532 entities extracted
2025-10-30 00:59:38,115 [INFO] extractor.entities: Progress: 15100/28353 files processed, 3690458 entities extracted
2025-10-30 00:59:42,368 [INFO] extractor.entities: Progress: 15200/28353 files processed, 3712353 entities extracted
2025-10-30 00:59:46,310 [INFO] extractor.entities: Progress: 15300/28353 files processed, 3734795 entities extracted
2025-10-30 00:59:50,338 [INFO] extractor.entities: Progress: 15400/28353 files processed, 3763822 entities extracted
2025-10-30 00:59:54,365 [INFO] extractor.entities: Progress: 15500/28353 files processed, 3787148 entities extracted
2025-10-30 00:59:58,330 [INFO] extractor.entities: Progress: 15600/28353 files processed, 3810790 entities extracted
2025-10-30 01:00:02,529 [INFO] extractor.entities: Progress: 15700/28353 files processed, 3835318 entities extracted
2025-10-30 01:00:06,481 [INFO] extractor.entities: Progress: 15800/28353 files processed, 3859410 entities extracted
2025-10-30 01:00:10,385 [INFO] extractor.entities: Progress: 15900/28353 files processed, 3882725 entities extracted
2025-10-30 01:00:14,716 [INFO] extractor.entities: Progress: 16000/28353 files processed, 3908320 entities extracted
2025-10-30 01:00:18,532 [INFO] extractor.entities: Progress: 16100/28353 files processed, 3930366 entities extracted
2025-10-30 01:00:22,556 [INFO] extractor.entities: Progress: 16200/28353 files processed, 3956784 entities extracted
2025-10-30 01:00:26,506 [INFO] extractor.entities: Progress: 16300/28353 files processed, 3978892 entities extracted
2025-10-30 01:00:30,917 [INFO] extractor.entities: Progress: 16400/28353 files processed, 4004958 entities extracted
2025-10-30 01:00:35,000 [INFO] extractor.entities: Progress: 16500/28353 files processed, 4027324 entities extracted
2025-10-30 01:00:39,325 [INFO] extractor.entities: Progress: 16600/28353 files processed, 4052240 entities extracted
2025-10-30 01:00:43,616 [INFO] extractor.entities: Progress: 16700/28353 files processed, 4077075 entities extracted
2025-10-30 01:00:47,985 [INFO] extractor.entities: Progress: 16800/28353 files processed, 4102948 entities extracted
2025-10-30 01:00:51,700 [INFO] extractor.entities: Progress: 16900/28353 files processed, 4124546 entities extracted
2025-10-30 01:00:55,543 [INFO] extractor.entities: Progress: 17000/28353 files processed, 4146831 entities extracted
2025-10-30 01:00:59,732 [INFO] extractor.entities: Progress: 17100/28353 files processed, 4179194 entities extracted
2025-10-30 01:01:03,856 [INFO] extractor.entities: Progress: 17200/28353 files processed, 4203396 entities extracted
2025-10-30 01:01:08,011 [INFO] extractor.entities: Progress: 17300/28353 files processed, 4228980 entities extracted
2025-10-30 01:01:12,075 [INFO] extractor.entities: Progress: 17400/28353 files processed, 4251769 entities extracted
2025-10-30 01:01:16,075 [INFO] extractor.entities: Progress: 17500/28353 files processed, 4275355 entities extracted
2025-10-30 01:01:19,965 [INFO] extractor.entities: Progress: 17600/28353 files processed, 4299342 entities extracted
2025-10-30 01:01:23,812 [INFO] extractor.entities: Progress: 17700/28353 files processed, 4323085 entities extracted
2025-10-30 01:01:27,528 [INFO] extractor.entities: Progress: 17800/28353 files processed, 4346937 entities extracted
2025-10-30 01:01:31,439 [INFO] extractor.entities: Progress: 17900/28353 files processed, 4369126 entities extracted
2025-10-30 01:01:35,198 [INFO] extractor.entities: Progress: 18000/28353 files processed, 4393343 entities extracted
2025-10-30 01:01:39,292 [INFO] extractor.entities: Progress: 18100/28353 files processed, 4416382 entities extracted
2025-10-30 01:01:42,927 [INFO] extractor.entities: Progress: 18200/28353 files processed, 4439227 entities extracted
2025-10-30 01:01:46,882 [INFO] extractor.entities: Progress: 18300/28353 files processed, 4462598 entities extracted
2025-10-30 01:01:50,801 [INFO] extractor.entities: Progress: 18400/28353 files processed, 4487260 entities extracted
2025-10-30 01:01:54,817 [INFO] extractor.entities: Progress: 18500/28353 files processed, 4509465 entities extracted
2025-10-30 01:01:58,727 [INFO] extractor.entities: Progress: 18600/28353 files processed, 4531115 entities extracted
2025-10-30 01:02:02,655 [INFO] extractor.entities: Progress: 18700/28353 files processed, 4553593 entities extracted
2025-10-30 01:02:06,443 [INFO] extractor.entities: Progress: 18800/28353 files processed, 4576091 entities extracted
2025-10-30 01:02:10,568 [INFO] extractor.entities: Progress: 18900/28353 files processed, 4600731 entities extracted
2025-10-30 01:02:14,608 [INFO] extractor.entities: Progress: 19000/28353 files processed, 4624904 entities extracted
2025-10-30 01:02:18,668 [INFO] extractor.entities: Progress: 19100/28353 files processed, 4649001 entities extracted
2025-10-30 01:02:22,462 [INFO] extractor.entities: Progress: 19200/28353 files processed, 4674783 entities extracted
2025-10-30 01:02:26,912 [INFO] extractor.entities: Progress: 19300/28353 files processed, 4698157 entities extracted
2025-10-30 01:02:30,627 [INFO] extractor.entities: Progress: 19400/28353 files processed, 4720193 entities extracted
2025-10-30 01:02:34,712 [INFO] extractor.entities: Progress: 19500/28353 files processed, 4744961 entities extracted
2025-10-30 01:02:38,503 [INFO] extractor.entities: Progress: 19600/28353 files processed, 4768651 entities extracted
2025-10-30 01:02:42,465 [INFO] extractor.entities: Progress: 19700/28353 files processed, 4790884 entities extracted
2025-10-30 01:02:46,346 [INFO] extractor.entities: Progress: 19800/28353 files processed, 4813968 entities extracted
2025-10-30 01:02:50,126 [INFO] extractor.entities: Progress: 19900/28353 files processed, 4836221 entities extracted
2025-10-30 01:02:54,302 [INFO] extractor.entities: Progress: 20000/28353 files processed, 4863907 entities extracted
2025-10-30 01:02:58,382 [INFO] extractor.entities: Progress: 20100/28353 files processed, 4886184 entities extracted
2025-10-30 01:03:02,467 [INFO] extractor.entities: Progress: 20200/28353 files processed, 4913309 entities extracted
2025-10-30 01:03:06,331 [INFO] extractor.entities: Progress: 20300/28353 files processed, 4936984 entities extracted
2025-10-30 01:03:10,178 [INFO] extractor.entities: Progress: 20400/28353 files processed, 4958875 entities extracted
2025-10-30 01:03:13,928 [INFO] extractor.entities: Progress: 20500/28353 files processed, 4981354 entities extracted
2025-10-30 01:03:18,232 [INFO] extractor.entities: Progress: 20600/28353 files processed, 5005277 entities extracted
2025-10-30 01:03:22,011 [INFO] extractor.entities: Progress: 20700/28353 files processed, 5028180 entities extracted
2025-10-30 01:03:25,827 [INFO] extractor.entities: Progress: 20800/28353 files processed, 5050815 entities extracted
2025-10-30 01:03:29,845 [INFO] extractor.entities: Progress: 20900/28353 files processed, 5072697 entities extracted
2025-10-30 01:03:33,740 [INFO] extractor.entities: Progress: 21000/28353 files processed, 5097397 entities extracted
2025-10-30 01:03:37,804 [INFO] extractor.entities: Progress: 21100/28353 files processed, 5121858 entities extracted
2025-10-30 01:03:41,592 [INFO] extractor.entities: Progress: 21200/28353 files processed, 5143430 entities extracted
2025-10-30 01:03:45,551 [INFO] extractor.entities: Progress: 21300/28353 files processed, 5166287 entities extracted
2025-10-30 01:03:49,740 [INFO] extractor.entities: Progress: 21400/28353 files processed, 5194576 entities extracted
2025-10-30 01:03:53,498 [INFO] extractor.entities: Progress: 21500/28353 files processed, 5220411 entities extracted
2025-10-30 01:03:57,374 [INFO] extractor.entities: Progress: 21600/28353 files processed, 5242734 entities extracted
2025-10-30 01:04:01,538 [INFO] extractor.entities: Progress: 21700/28353 files processed, 5267776 entities extracted
2025-10-30 01:04:05,263 [INFO] extractor.entities: Progress: 21800/28353 files processed, 5289990 entities extracted
2025-10-30 01:04:09,248 [INFO] extractor.entities: Progress: 21900/28353 files processed, 5313949 entities extracted
2025-10-30 01:04:13,966 [INFO] extractor.entities: Progress: 22000/28353 files processed, 5341769 entities extracted
2025-10-30 01:04:18,063 [INFO] extractor.entities: Progress: 22100/28353 files processed, 5367686 entities extracted
2025-10-30 01:04:22,109 [INFO] extractor.entities: Progress: 22200/28353 files processed, 5393957 entities extracted
2025-10-30 01:04:26,033 [INFO] extractor.entities: Progress: 22300/28353 files processed, 5416622 entities extracted
2025-10-30 01:04:29,958 [INFO] extractor.entities: Progress: 22400/28353 files processed, 5444550 entities extracted
2025-10-30 01:04:33,745 [INFO] extractor.entities: Progress: 22500/28353 files processed, 5467708 entities extracted
2025-10-30 01:04:38,203 [INFO] extractor.entities: Progress: 22600/28353 files processed, 5497103 entities extracted
2025-10-30 01:04:42,239 [INFO] extractor.entities: Progress: 22700/28353 files processed, 5520023 entities extracted
2025-10-30 01:04:46,059 [INFO] extractor.entities: Progress: 22800/28353 files processed, 5542842 entities extracted
2025-10-30 01:04:49,965 [INFO] extractor.entities: Progress: 22900/28353 files processed, 5565526 entities extracted
2025-10-30 01:04:54,060 [INFO] extractor.entities: Progress: 23000/28353 files processed, 5589244 entities extracted
2025-10-30 01:04:57,807 [INFO] extractor.entities: Progress: 23100/28353 files processed, 5611085 entities extracted
2025-10-30 01:05:01,814 [INFO] extractor.entities: Progress: 23200/28353 files processed, 5634343 entities extracted
2025-10-30 01:05:05,973 [INFO] extractor.entities: Progress: 23300/28353 files processed, 5660293 entities extracted
2025-10-30 01:05:10,192 [INFO] extractor.entities: Progress: 23400/28353 files processed, 5686829 entities extracted
2025-10-30 01:05:14,235 [INFO] extractor.entities: Progress: 23500/28353 files processed, 5710790 entities extracted
2025-10-30 01:05:18,238 [INFO] extractor.entities: Progress: 23600/28353 files processed, 5734322 entities extracted
2025-10-30 01:05:22,326 [INFO] extractor.entities: Progress: 23700/28353 files processed, 5757660 entities extracted
2025-10-30 01:05:26,304 [INFO] extractor.entities: Progress: 23800/28353 files processed, 5781521 entities extracted
2025-10-30 01:05:29,864 [INFO] extractor.entities: Progress: 23900/28353 files processed, 5803521 entities extracted
2025-10-30 01:05:34,349 [INFO] extractor.entities: Progress: 24000/28353 files processed, 5833475 entities extracted
2025-10-30 01:05:38,158 [INFO] extractor.entities: Progress: 24100/28353 files processed, 5855217 entities extracted
2025-10-30 01:05:42,095 [INFO] extractor.entities: Progress: 24200/28353 files processed, 5878218 entities extracted
2025-10-30 01:05:46,242 [INFO] extractor.entities: Progress: 24300/28353 files processed, 5902933 entities extracted
2025-10-30 01:05:50,356 [INFO] extractor.entities: Progress: 24400/28353 files processed, 5929685 entities extracted
2025-10-30 01:05:57,265 [INFO] extractor.entities: Progress: 24500/28353 files processed, 5957463 entities extracted
2025-10-30 01:06:01,143 [INFO] extractor.entities: Progress: 24600/28353 files processed, 5980261 entities extracted
2025-10-30 01:06:04,992 [INFO] extractor.entities: Progress: 24700/28353 files processed, 6002732 entities extracted
2025-10-30 01:06:09,054 [INFO] extractor.entities: Progress: 24800/28353 files processed, 6027751 entities extracted
2025-10-30 01:06:13,186 [INFO] extractor.entities: Progress: 24900/28353 files processed, 6050411 entities extracted
2025-10-30 01:06:17,126 [INFO] extractor.entities: Progress: 25000/28353 files processed, 6073162 entities extracted
2025-10-30 01:06:20,636 [INFO] extractor.entities: Progress: 25100/28353 files processed, 6095079 entities extracted
2025-10-30 01:06:24,470 [INFO] extractor.entities: Progress: 25200/28353 files processed, 6117614 entities extracted
2025-10-30 01:06:28,312 [INFO] extractor.entities: Progress: 25300/28353 files processed, 6140580 entities extracted
2025-10-30 01:06:32,389 [INFO] extractor.entities: Progress: 25400/28353 files processed, 6164280 entities extracted
2025-10-30 01:06:36,086 [INFO] extractor.entities: Progress: 25500/28353 files processed, 6186377 entities extracted
2025-10-30 01:06:40,412 [INFO] extractor.entities: Progress: 25600/28353 files processed, 6210712 entities extracted
2025-10-30 01:06:44,255 [INFO] extractor.entities: Progress: 25700/28353 files processed, 6232678 entities extracted
2025-10-30 01:06:48,219 [INFO] extractor.entities: Progress: 25800/28353 files processed, 6261419 entities extracted
2025-10-30 01:06:52,054 [INFO] extractor.entities: Progress: 25900/28353 files processed, 6284766 entities extracted
2025-10-30 01:06:56,408 [INFO] extractor.entities: Progress: 26000/28353 files processed, 6311102 entities extracted
2025-10-30 01:07:00,873 [INFO] extractor.entities: Progress: 26100/28353 files processed, 6337096 entities extracted
2025-10-30 01:07:04,947 [INFO] extractor.entities: Progress: 26200/28353 files processed, 6362590 entities extracted
2025-10-30 01:07:08,915 [INFO] extractor.entities: Progress: 26300/28353 files processed, 6383944 entities extracted
2025-10-30 01:07:12,762 [INFO] extractor.entities: Progress: 26400/28353 files processed, 6408656 entities extracted
2025-10-30 01:07:17,198 [INFO] extractor.entities: Progress: 26500/28353 files processed, 6436920 entities extracted
2025-10-30 01:07:21,369 [INFO] extractor.entities: Progress: 26600/28353 files processed, 6463846 entities extracted
2025-10-30 01:07:25,391 [INFO] extractor.entities: Progress: 26700/28353 files processed, 6487049 entities extracted
2025-10-30 01:07:30,210 [INFO] extractor.entities: Progress: 26800/28353 files processed, 6514844 entities extracted
2025-10-30 01:07:33,815 [INFO] extractor.entities: Progress: 26900/28353 files processed, 6536420 entities extracted
2025-10-30 01:07:37,637 [INFO] extractor.entities: Progress: 27000/28353 files processed, 6560051 entities extracted
2025-10-30 01:07:42,050 [INFO] extractor.entities: Progress: 27100/28353 files processed, 6582522 entities extracted
2025-10-30 01:07:46,167 [INFO] extractor.entities: Progress: 27200/28353 files processed, 6607111 entities extracted
2025-10-30 01:07:50,437 [INFO] extractor.entities: Progress: 27300/28353 files processed, 6632127 entities extracted
2025-10-30 01:07:54,172 [INFO] extractor.entities: Progress: 27400/28353 files processed, 6654103 entities extracted
2025-10-30 01:07:57,855 [INFO] extractor.entities: Progress: 27500/28353 files processed, 6675366 entities extracted
2025-10-30 01:08:01,800 [INFO] extractor.entities: Progress: 27600/28353 files processed, 6698705 entities extracted
2025-10-30 01:08:05,536 [INFO] extractor.entities: Progress: 27700/28353 files processed, 6721462 entities extracted
2025-10-30 01:08:09,351 [INFO] extractor.entities: Progress: 27800/28353 files processed, 6743271 entities extracted
2025-10-30 01:08:13,546 [INFO] extractor.entities: Progress: 27900/28353 files processed, 6767593 entities extracted
2025-10-30 01:08:17,795 [INFO] extractor.entities: Progress: 28000/28353 files processed, 6792839 entities extracted
2025-10-30 01:08:21,959 [INFO] extractor.entities: Progress: 28100/28353 files processed, 6816852 entities extracted
2025-10-30 01:08:26,119 [INFO] extractor.entities: Progress: 28200/28353 files processed, 6839210 entities extracted
2025-10-30 01:08:30,367 [INFO] extractor.entities: Progress: 28300/28353 files processed, 6863655 entities extracted
2025-10-30 01:08:32,394 [INFO] extractor.entities: Progress: 28353/28353 files processed, 6875197 entities extracted
2025-10-30 01:08:32,394 [INFO] extractor.entities: ======================================================================
2025-10-30 01:08:32,394 [INFO] extractor.entities: EXTRACTION COMPLETE
2025-10-30 01:08:32,394 [INFO] extractor.entities: ======================================================================
2025-10-30 01:08:32,394 [INFO] extractor.entities: Files processed:      28353
2025-10-30 01:08:32,394 [INFO] extractor.entities: Files skipped:        0
2025-10-30 01:08:32,394 [INFO] extractor.entities: Raw text written:     28353
2025-10-30 01:08:32,394 [INFO] extractor.entities: Preprocessed written: 28353
2025-10-30 01:08:32,394 [INFO] extractor.entities: Total entities:       6875197
2025-10-30 01:08:32,394 [INFO] extractor.entities: README found:         7517
2025-10-30 01:08:32,394 [INFO] extractor.entities: Stars found:          26567
2025-10-30 01:08:32,394 [INFO] extractor.entities: Forks found:          12622
2025-10-30 01:08:32,394 [INFO] extractor.entities: Lang stats found:     0
2025-10-30 01:08:32,394 [INFO] extractor.entities: 
2025-10-30 01:08:32,394 [INFO] extractor.entities: Outputs:
2025-10-30 01:08:32,394 [INFO] extractor.entities:   Entities TSV:       /Users/andrejvysny/fiit/vinf/workspace/store/entities/entities.tsv
2025-10-30 01:08:32,394 [INFO] extractor.entities:   Raw text:           /Users/andrejvysny/fiit/vinf/workspace/store/text
2025-10-30 01:08:32,394 [INFO] extractor.entities:   Preprocessed text:  /Users/andrejvysny/fiit/vinf/workspace/store/text-preprocessed
2025-10-30 01:08:32,394 [INFO] extractor.entities:   README files:       /Users/andrejvysny/fiit/vinf/workspace/store/readme
